<?xml version="1.0" encoding="utf-8"?>
<TestRun id="81b0fc32-ed33-4756-be2e-022b560d1bfa" name="Usuario@DESKTOP-AF03160 2022-01-21 18:35:53" runUser="DESKTOP-AF03160\Usuario" xmlns="http://microsoft.com/schemas/VisualStudio/TeamTest/2010">
  <Times creation="2022-01-21T18:35:53.1125527-03:00" queuing="2022-01-21T18:35:53.1125527-03:00" start="2022-01-21T18:35:49.9520107-03:00" finish="2022-01-21T18:36:22.6909997-03:00" />
  <TestSettings name="default" id="66725e01-e7ef-43f2-9df0-7b4585842a1f">
    <Deployment runDeploymentRoot="Usuario_DESKTOP-AF03160_2022-01-21_18_35_53" />
  </TestSettings>
  <Results>
    <UnitTestResult executionId="4cc7af64-db21-4529-ba84-ba1cfce97d78" testId="a989d22b-9cb7-6df5-765a-6db1bd2bae01" testName="ExcluingSecondItemTimer" computerName="DESKTOP-AF03160" duration="00:00:03.5592047" startTime="2022-01-21T18:36:09.4925281-03:00" endTime="2022-01-21T18:36:13.0525208-03:00" testType="13cdc9d9-ddb5-4fa4-a97d-d965ccfc6d4b" outcome="Passed" testListId="8c84fa94-04c1-424b-9868-57a2d4851a1d" relativeResultsDirectory="4cc7af64-db21-4529-ba84-ba1cfce97d78" />
    <UnitTestResult executionId="ed155a4d-73cb-485f-b64d-8e0437ecbb88" testId="ac55f08f-30ef-23f0-553c-8fb9260f6c63" testName="TestMethodSum" computerName="DESKTOP-AF03160" duration="00:00:02.8131625" startTime="2022-01-21T18:35:50.2260116-03:00" endTime="2022-01-21T18:35:53.0905529-03:00" testType="13cdc9d9-ddb5-4fa4-a97d-d965ccfc6d4b" outcome="Passed" testListId="8c84fa94-04c1-424b-9868-57a2d4851a1d" relativeResultsDirectory="ed155a4d-73cb-485f-b64d-8e0437ecbb88" />
    <UnitTestResult executionId="eb6fe7a5-9dc2-4abc-a3f3-556877a5aa92" testId="4b194512-f91f-2131-ada1-5e9580aa5510" testName="DeleteWorldClock" computerName="DESKTOP-AF03160" duration="00:00:03.1286062" startTime="2022-01-21T18:36:19.3880297-03:00" endTime="2022-01-21T18:36:22.5170379-03:00" testType="13cdc9d9-ddb5-4fa4-a97d-d965ccfc6d4b" outcome="Passed" testListId="8c84fa94-04c1-424b-9868-57a2d4851a1d" relativeResultsDirectory="eb6fe7a5-9dc2-4abc-a3f3-556877a5aa92" />
    <UnitTestResult executionId="274beeae-0c48-4f34-bc69-5bc21571e302" testId="281ef8cf-432f-85f0-e58d-9a18385a6639" testName="EditingSecondItemTimer" computerName="DESKTOP-AF03160" duration="00:00:04.0982269" startTime="2022-01-21T18:36:05.3937376-03:00" endTime="2022-01-21T18:36:09.4925281-03:00" testType="13cdc9d9-ddb5-4fa4-a97d-d965ccfc6d4b" outcome="Passed" testListId="8c84fa94-04c1-424b-9868-57a2d4851a1d" relativeResultsDirectory="274beeae-0c48-4f34-bc69-5bc21571e302" />
    <UnitTestResult executionId="5d50d41b-87d9-4d4e-bf17-4e8f14c5b26f" testId="b13bc7da-a874-062a-23c2-aeb82e2032bb" testName="AddNewTimer" computerName="DESKTOP-AF03160" duration="00:00:09.6864053" startTime="2022-01-21T18:35:55.7044226-03:00" endTime="2022-01-21T18:36:05.3937376-03:00" testType="13cdc9d9-ddb5-4fa4-a97d-d965ccfc6d4b" outcome="Failed" testListId="8c84fa94-04c1-424b-9868-57a2d4851a1d" relativeResultsDirectory="5d50d41b-87d9-4d4e-bf17-4e8f14c5b26f" resultType="DataDrivenTest">
      <InnerResults>
        <UnitTestResult executionId="d61b4a8f-3c0d-4ae5-8b19-0c61262f6a56" parentExecutionId="5d50d41b-87d9-4d4e-bf17-4e8f14c5b26f" testId="b13bc7da-a874-062a-23c2-aeb82e2032bb" testName="AddNewTimer (04,031,028)" computerName="DESKTOP-AF03160" duration="00:00:05.0664773" startTime="2022-01-21T18:35:55.7044226-03:00" endTime="2022-01-21T18:36:05.3937376-03:00" testType="13cdc9d9-ddb5-4fa4-a97d-d965ccfc6d4b" outcome="Passed" testListId="8c84fa94-04c1-424b-9868-57a2d4851a1d" relativeResultsDirectory="d61b4a8f-3c0d-4ae5-8b19-0c61262f6a56" dataRowInfo="1" resultType="DataDrivenDataRow" />
        <UnitTestResult executionId="1ec33db7-c8b7-4ac2-bced-41c154dad40b" parentExecutionId="5d50d41b-87d9-4d4e-bf17-4e8f14c5b26f" testId="b13bc7da-a874-062a-23c2-aeb82e2032bb" testName="AddNewTimer (08,010,029)" computerName="DESKTOP-AF03160" duration="00:00:02.3007482" startTime="2022-01-21T18:35:55.7044226-03:00" endTime="2022-01-21T18:36:05.3937376-03:00" testType="13cdc9d9-ddb5-4fa4-a97d-d965ccfc6d4b" outcome="Failed" testListId="8c84fa94-04c1-424b-9868-57a2d4851a1d" relativeResultsDirectory="1ec33db7-c8b7-4ac2-bced-41c154dad40b" dataRowInfo="2" resultType="DataDrivenDataRow">
          <Output>
            <ErrorInfo>
              <Message>Test method MSTestOverview.Tests.TestAlarm.AddNewTimer threw exception: &#xD;
OpenQA.Selenium.WebDriverException: An element could not be located on the page using the given search parameters.</Message>
              <StackTrace>    em OpenQA.Selenium.Remote.RemoteWebDriver.UnpackAndThrowOnError(Response errorResponse)&#xD;
   em OpenQA.Selenium.Remote.RemoteWebDriver.Execute(String driverCommandToExecute, Dictionary`2 parameters)&#xD;
   em OpenQA.Selenium.Appium.AppiumDriver`1.Execute(String driverCommandToExecute, Dictionary`2 parameters)&#xD;
   em OpenQA.Selenium.Remote.RemoteWebDriver.FindElement(String mechanism, String value)&#xD;
   em OpenQA.Selenium.Appium.AppiumDriver`1.FindElementByName(String name)&#xD;
   em MSTestOverview.Pages.PageObject.ReturnWindowDriverElementByName(String name) na C:\Users\Usuario\source\repos\MSTestOverview\MSTestOverview\Pages\PageObject.cs:linha 57&#xD;
   em MSTestOverview.Pages.PageObject.SendKeysByName(String name, String keys) na C:\Users\Usuario\source\repos\MSTestOverview\MSTestOverview\Pages\PageObject.cs:linha 115&#xD;
   em MSTestOverview.Pages.Alarm.AlarmPage.SetHour(String hour) na C:\Users\Usuario\source\repos\MSTestOverview\MSTestOverview\Pages\Alarm\AlarmPage.cs:linha 43&#xD;
   em MSTestOverview.Pages.Alarm.AlarmPage.SetHourMinuteSecond(String[] values) na C:\Users\Usuario\source\repos\MSTestOverview\MSTestOverview\Pages\Alarm\AlarmPage.cs:linha 26&#xD;
   em MSTestOverview.Tests.TestAlarm.AddNewTimer(String[] values) na C:\Users\Usuario\source\repos\MSTestOverview\MSTestOverview\Tests\TestAlarm.cs:linha 51&#xD;
</StackTrace>
            </ErrorInfo>
          </Output>
        </UnitTestResult>
        <UnitTestResult executionId="4ebd1479-6033-4e2c-8ee0-27f5d8455bc3" parentExecutionId="5d50d41b-87d9-4d4e-bf17-4e8f14c5b26f" testId="b13bc7da-a874-062a-23c2-aeb82e2032bb" testName="AddNewTimer (14,033,015)" computerName="DESKTOP-AF03160" duration="00:00:02.2801942" startTime="2022-01-21T18:35:55.7044226-03:00" endTime="2022-01-21T18:36:05.3937376-03:00" testType="13cdc9d9-ddb5-4fa4-a97d-d965ccfc6d4b" outcome="Failed" testListId="8c84fa94-04c1-424b-9868-57a2d4851a1d" relativeResultsDirectory="4ebd1479-6033-4e2c-8ee0-27f5d8455bc3" dataRowInfo="3" resultType="DataDrivenDataRow">
          <Output>
            <ErrorInfo>
              <Message>Test method MSTestOverview.Tests.TestAlarm.AddNewTimer threw exception: &#xD;
OpenQA.Selenium.WebDriverException: An element could not be located on the page using the given search parameters.</Message>
              <StackTrace>    em OpenQA.Selenium.Remote.RemoteWebDriver.UnpackAndThrowOnError(Response errorResponse)&#xD;
   em OpenQA.Selenium.Remote.RemoteWebDriver.Execute(String driverCommandToExecute, Dictionary`2 parameters)&#xD;
   em OpenQA.Selenium.Appium.AppiumDriver`1.Execute(String driverCommandToExecute, Dictionary`2 parameters)&#xD;
   em OpenQA.Selenium.Remote.RemoteWebDriver.FindElement(String mechanism, String value)&#xD;
   em OpenQA.Selenium.Appium.AppiumDriver`1.FindElementByName(String name)&#xD;
   em MSTestOverview.Pages.PageObject.ReturnWindowDriverElementByName(String name) na C:\Users\Usuario\source\repos\MSTestOverview\MSTestOverview\Pages\PageObject.cs:linha 57&#xD;
   em MSTestOverview.Pages.PageObject.SendKeysByName(String name, String keys) na C:\Users\Usuario\source\repos\MSTestOverview\MSTestOverview\Pages\PageObject.cs:linha 115&#xD;
   em MSTestOverview.Pages.Alarm.AlarmPage.SetHour(String hour) na C:\Users\Usuario\source\repos\MSTestOverview\MSTestOverview\Pages\Alarm\AlarmPage.cs:linha 43&#xD;
   em MSTestOverview.Pages.Alarm.AlarmPage.SetHourMinuteSecond(String[] values) na C:\Users\Usuario\source\repos\MSTestOverview\MSTestOverview\Pages\Alarm\AlarmPage.cs:linha 26&#xD;
   em MSTestOverview.Tests.TestAlarm.AddNewTimer(String[] values) na C:\Users\Usuario\source\repos\MSTestOverview\MSTestOverview\Tests\TestAlarm.cs:linha 51&#xD;
</StackTrace>
            </ErrorInfo>
          </Output>
        </UnitTestResult>
      </InnerResults>
    </UnitTestResult>
    <UnitTestResult executionId="1ddfbc37-4783-4556-9352-310f09901d04" testId="496c22e1-68c0-fb49-1166-535dcb3a0130" testName="AddNewAlarm" computerName="DESKTOP-AF03160" duration="00:00:02.8261851" startTime="2022-01-21T18:36:13.0525208-03:00" endTime="2022-01-21T18:36:15.8794707-03:00" testType="13cdc9d9-ddb5-4fa4-a97d-d965ccfc6d4b" outcome="Failed" testListId="8c84fa94-04c1-424b-9868-57a2d4851a1d" relativeResultsDirectory="1ddfbc37-4783-4556-9352-310f09901d04">
      <Output>
        <ErrorInfo>
          <Message>Test method MSTestOverview.Tests.TestAlarm.AddNewAlarm threw exception: &#xD;
OpenQA.Selenium.WebDriverException: An element could not be located on the page using the given search parameters.</Message>
          <StackTrace>    em OpenQA.Selenium.Remote.RemoteWebDriver.UnpackAndThrowOnError(Response errorResponse)&#xD;
   em OpenQA.Selenium.Remote.RemoteWebDriver.Execute(String driverCommandToExecute, Dictionary`2 parameters)&#xD;
   em OpenQA.Selenium.Appium.AppiumDriver`1.Execute(String driverCommandToExecute, Dictionary`2 parameters)&#xD;
   em OpenQA.Selenium.Remote.RemoteWebDriver.FindElement(String mechanism, String value)&#xD;
   em OpenQA.Selenium.Remote.RemoteWebDriver.FindElementByXPath(String xpath)&#xD;
   em OpenQA.Selenium.Appium.AppiumDriver`1.FindElementByXPath(String xpath)&#xD;
   em MSTestOverview.Pages.PageObject.ClickInElementOrElementsByXPath(String[] elements) na C:\Users\Usuario\source\repos\MSTestOverview\MSTestOverview\Pages\PageObject.cs:linha 45&#xD;
   em MSTestOverview.Pages.Alarm.AlarmPage.ClickAddNewAlarm() na C:\Users\Usuario\source\repos\MSTestOverview\MSTestOverview\Pages\Alarm\AlarmPage.cs:linha 147&#xD;
   em MSTestOverview.Tests.TestAlarm.AddNewAlarm() na C:\Users\Usuario\source\repos\MSTestOverview\MSTestOverview\Tests\TestAlarm.cs:linha 98&#xD;
</StackTrace>
        </ErrorInfo>
      </Output>
    </UnitTestResult>
    <UnitTestResult executionId="f50303b8-493a-4b2f-8493-34f551a4a1bb" testId="dd4ea687-e746-4c8a-e2eb-cd7dac8db407" testName="AddWorldClock" computerName="DESKTOP-AF03160" duration="00:00:03.5078358" startTime="2022-01-21T18:36:15.8794707-03:00" endTime="2022-01-21T18:36:19.3872935-03:00" testType="13cdc9d9-ddb5-4fa4-a97d-d965ccfc6d4b" outcome="Failed" testListId="8c84fa94-04c1-424b-9868-57a2d4851a1d" relativeResultsDirectory="f50303b8-493a-4b2f-8493-34f551a4a1bb">
      <Output>
        <ErrorInfo>
          <Message>Test method MSTestOverview.Tests.TestAlarm.AddWorldClock threw exception: &#xD;
OpenQA.Selenium.WebDriverException: An element could not be located on the page using the given search parameters.</Message>
          <StackTrace>    em OpenQA.Selenium.Remote.RemoteWebDriver.UnpackAndThrowOnError(Response errorResponse)&#xD;
   em OpenQA.Selenium.Remote.RemoteWebDriver.Execute(String driverCommandToExecute, Dictionary`2 parameters)&#xD;
   em OpenQA.Selenium.Appium.AppiumDriver`1.Execute(String driverCommandToExecute, Dictionary`2 parameters)&#xD;
   em OpenQA.Selenium.Remote.RemoteWebDriver.FindElement(String mechanism, String value)&#xD;
   em OpenQA.Selenium.Appium.AppiumDriver`1.FindElement(String by, String value)&#xD;
   em OpenQA.Selenium.Appium.AppiumDriver`1.FindElementByAccessibilityId(String selector)&#xD;
   em MSTestOverview.Pages.PageObject.ClickInElementOrElementsById(String[] elements) na C:\Users\Usuario\source\repos\MSTestOverview\MSTestOverview\Pages\PageObject.cs:linha 38&#xD;
   em MSTestOverview.Pages.Alarm.AlarmPage.SetNameWorldClock(String country) na C:\Users\Usuario\source\repos\MSTestOverview\MSTestOverview\Pages\Alarm\AlarmPage.cs:linha 126&#xD;
   em MSTestOverview.Tests.TestAlarm.AddWorldClock() na C:\Users\Usuario\source\repos\MSTestOverview\MSTestOverview\Tests\TestAlarm.cs:linha 129&#xD;
</StackTrace>
        </ErrorInfo>
      </Output>
    </UnitTestResult>
    <UnitTestResult executionId="cfa29ba0-0e92-425c-8096-d8892817f4a4" testId="48d7f969-752f-b89c-2124-afce13e498d9" testName="TestMethodMinus" computerName="DESKTOP-AF03160" duration="00:00:02.5976548" startTime="2022-01-21T18:35:53.1046950-03:00" endTime="2022-01-21T18:35:55.7044226-03:00" testType="13cdc9d9-ddb5-4fa4-a97d-d965ccfc6d4b" outcome="Passed" testListId="8c84fa94-04c1-424b-9868-57a2d4851a1d" relativeResultsDirectory="cfa29ba0-0e92-425c-8096-d8892817f4a4" />
  </Results>
  <TestDefinitions>
    <UnitTest name="TestMethodSum" storage="c:\users\usuario\source\repos\mstestoverview\mstestoverview\bin\debug\mstestoverview.dll" id="ac55f08f-30ef-23f0-553c-8fb9260f6c63">
      <Execution id="ed155a4d-73cb-485f-b64d-8e0437ecbb88" />
      <TestMethod codeBase="C:\Users\Usuario\source\repos\MSTestOverview\MSTestOverview\bin\Debug\MSTestOverview.dll" adapterTypeName="executor://mstestadapter/v2" className="MSTestOverview.TestCalculator" name="TestMethodSum" />
    </UnitTest>
    <UnitTest name="TestMethodMinus" storage="c:\users\usuario\source\repos\mstestoverview\mstestoverview\bin\debug\mstestoverview.dll" id="48d7f969-752f-b89c-2124-afce13e498d9">
      <Execution id="cfa29ba0-0e92-425c-8096-d8892817f4a4" />
      <TestMethod codeBase="C:\Users\Usuario\source\repos\MSTestOverview\MSTestOverview\bin\Debug\MSTestOverview.dll" adapterTypeName="executor://mstestadapter/v2" className="MSTestOverview.TestCalculator" name="TestMethodMinus" />
    </UnitTest>
    <UnitTest name="DeleteWorldClock" storage="c:\users\usuario\source\repos\mstestoverview\mstestoverview\bin\debug\mstestoverview.dll" id="4b194512-f91f-2131-ada1-5e9580aa5510">
      <Execution id="eb6fe7a5-9dc2-4abc-a3f3-556877a5aa92" />
      <TestMethod codeBase="C:\Users\Usuario\source\repos\MSTestOverview\MSTestOverview\bin\Debug\MSTestOverview.dll" adapterTypeName="executor://mstestadapter/v2" className="MSTestOverview.Tests.TestAlarm" name="DeleteWorldClock" />
    </UnitTest>
    <UnitTest name="AddWorldClock" storage="c:\users\usuario\source\repos\mstestoverview\mstestoverview\bin\debug\mstestoverview.dll" id="dd4ea687-e746-4c8a-e2eb-cd7dac8db407">
      <Execution id="f50303b8-493a-4b2f-8493-34f551a4a1bb" />
      <TestMethod codeBase="C:\Users\Usuario\source\repos\MSTestOverview\MSTestOverview\bin\Debug\MSTestOverview.dll" adapterTypeName="executor://mstestadapter/v2" className="MSTestOverview.Tests.TestAlarm" name="AddWorldClock" />
    </UnitTest>
    <UnitTest name="AddNewTimer" storage="c:\users\usuario\source\repos\mstestoverview\mstestoverview\bin\debug\mstestoverview.dll" id="b13bc7da-a874-062a-23c2-aeb82e2032bb">
      <Execution id="5d50d41b-87d9-4d4e-bf17-4e8f14c5b26f" />
      <TestMethod codeBase="C:\Users\Usuario\source\repos\MSTestOverview\MSTestOverview\bin\Debug\MSTestOverview.dll" adapterTypeName="executor://mstestadapter/v2" className="MSTestOverview.Tests.TestAlarm" name="AddNewTimer" />
    </UnitTest>
    <UnitTest name="AddNewAlarm" storage="c:\users\usuario\source\repos\mstestoverview\mstestoverview\bin\debug\mstestoverview.dll" id="496c22e1-68c0-fb49-1166-535dcb3a0130">
      <Execution id="1ddfbc37-4783-4556-9352-310f09901d04" />
      <TestMethod codeBase="C:\Users\Usuario\source\repos\MSTestOverview\MSTestOverview\bin\Debug\MSTestOverview.dll" adapterTypeName="executor://mstestadapter/v2" className="MSTestOverview.Tests.TestAlarm" name="AddNewAlarm" />
    </UnitTest>
    <UnitTest name="ExcluingSecondItemTimer" storage="c:\users\usuario\source\repos\mstestoverview\mstestoverview\bin\debug\mstestoverview.dll" id="a989d22b-9cb7-6df5-765a-6db1bd2bae01">
      <Execution id="4cc7af64-db21-4529-ba84-ba1cfce97d78" />
      <TestMethod codeBase="C:\Users\Usuario\source\repos\MSTestOverview\MSTestOverview\bin\Debug\MSTestOverview.dll" adapterTypeName="executor://mstestadapter/v2" className="MSTestOverview.Tests.TestAlarm" name="ExcluingSecondItemTimer" />
    </UnitTest>
    <UnitTest name="EditingSecondItemTimer" storage="c:\users\usuario\source\repos\mstestoverview\mstestoverview\bin\debug\mstestoverview.dll" id="281ef8cf-432f-85f0-e58d-9a18385a6639">
      <Execution id="274beeae-0c48-4f34-bc69-5bc21571e302" />
      <TestMethod codeBase="C:\Users\Usuario\source\repos\MSTestOverview\MSTestOverview\bin\Debug\MSTestOverview.dll" adapterTypeName="executor://mstestadapter/v2" className="MSTestOverview.Tests.TestAlarm" name="EditingSecondItemTimer" />
    </UnitTest>
  </TestDefinitions>
  <TestEntries>
    <TestEntry testId="a989d22b-9cb7-6df5-765a-6db1bd2bae01" executionId="4cc7af64-db21-4529-ba84-ba1cfce97d78" testListId="8c84fa94-04c1-424b-9868-57a2d4851a1d" />
    <TestEntry testId="ac55f08f-30ef-23f0-553c-8fb9260f6c63" executionId="ed155a4d-73cb-485f-b64d-8e0437ecbb88" testListId="8c84fa94-04c1-424b-9868-57a2d4851a1d" />
    <TestEntry testId="4b194512-f91f-2131-ada1-5e9580aa5510" executionId="eb6fe7a5-9dc2-4abc-a3f3-556877a5aa92" testListId="8c84fa94-04c1-424b-9868-57a2d4851a1d" />
    <TestEntry testId="281ef8cf-432f-85f0-e58d-9a18385a6639" executionId="274beeae-0c48-4f34-bc69-5bc21571e302" testListId="8c84fa94-04c1-424b-9868-57a2d4851a1d" />
    <TestEntry testId="b13bc7da-a874-062a-23c2-aeb82e2032bb" executionId="5d50d41b-87d9-4d4e-bf17-4e8f14c5b26f" testListId="8c84fa94-04c1-424b-9868-57a2d4851a1d" />
    <TestEntry testId="496c22e1-68c0-fb49-1166-535dcb3a0130" executionId="1ddfbc37-4783-4556-9352-310f09901d04" testListId="8c84fa94-04c1-424b-9868-57a2d4851a1d" />
    <TestEntry testId="dd4ea687-e746-4c8a-e2eb-cd7dac8db407" executionId="f50303b8-493a-4b2f-8493-34f551a4a1bb" testListId="8c84fa94-04c1-424b-9868-57a2d4851a1d" />
    <TestEntry testId="48d7f969-752f-b89c-2124-afce13e498d9" executionId="cfa29ba0-0e92-425c-8096-d8892817f4a4" testListId="8c84fa94-04c1-424b-9868-57a2d4851a1d" />
  </TestEntries>
  <TestLists>
    <TestList name="Resultados que não estão em uma lista" id="8c84fa94-04c1-424b-9868-57a2d4851a1d" />
    <TestList name="Todos os resultados carregados" id="19431567-8539-422a-85d7-44ee4e166bda" />
  </TestLists>
  <ResultSummary outcome="Failed">
    <Counters total="11" executed="11" passed="6" failed="5" error="0" timeout="0" aborted="0" inconclusive="0" passedButRunAborted="0" notRunnable="0" notExecuted="0" disconnected="0" warning="0" completed="0" inProgress="0" pending="0" />
  </ResultSummary>
</TestRun>